# JRE version: OpenJDK Runtime Environment (8.0_242-b01) (build 1.8.0_242-release-1644-b01)
# Java VM: OpenJDK 64-Bit Server VM (25.242-b01 mixed mode windows-amd64 compressed oops)
Heap:
 PSYoungGen      total 457728K, used 44971K [0x00000000e0000000, 0x0000000100000000, 0x0000000100000000)
  eden space 404480K, 10% used [0x00000000e0000000,0x00000000e289fd28,0x00000000f8b00000)
  from space 53248K, 6% used [0x00000000fcc00000,0x00000000fcf4b230,0x0000000100000000)
  to   space 59904K, 0% used [0x00000000f8b00000,0x00000000f8b00000,0x00000000fc580000)
 ParOldGen       total 389120K, used 201861K [0x00000000a0000000, 0x00000000b7c00000, 0x00000000e0000000)
  object space 389120K, 51% used [0x00000000a0000000,0x00000000ac521460,0x00000000b7c00000)
 Metaspace       used 106383K, capacity 112798K, committed 112984K, reserved 1146880K
  class space    used 13807K, capacity 15194K, committed 15232K, reserved 1048576K
GC Heap History (10 events):
Event: 86.152 GC heap before
{Heap before GC invocations=33 (full 4):
 PSYoungGen      total 465408K, used 423011K [0x00000000e0000000, 0x00000000ffc80000, 0x0000000100000000)
  eden space 415232K, 100% used [0x00000000e0000000,0x00000000f9580000,0x00000000f9580000)
  from space 50176K, 15% used [0x00000000fcb80000,0x00000000fd318e40,0x00000000ffc80000)
  to   space 52736K, 0% used [0x00000000f9580000,0x00000000f9580000,0x00000000fc900000)
 ParOldGen       total 303104K, used 276787K [0x00000000a0000000, 0x00000000b2800000, 0x00000000e0000000)
  object space 303104K, 91% used [0x00000000a0000000,0x00000000b0e4cd68,0x00000000b2800000)
 Metaspace       used 101500K, capacity 107642K, committed 107864K, reserved 1142784K
  class space    used 13365K, capacity 14696K, committed 14720K, reserved 1048576K
Event: 86.172 GC heap after
Heap after GC invocations=33 (full 4):
 PSYoungGen      total 467968K, used 17675K [0x00000000e0000000, 0x00000000ffc80000, 0x0000000100000000)
  eden space 415232K, 0% used [0x00000000e0000000,0x00000000e0000000,0x00000000f9580000)
  from space 52736K, 33% used [0x00000000f9580000,0x00000000fa6c2de0,0x00000000fc900000)
  to   space 49664K, 0% used [0x00000000fcc00000,0x00000000fcc00000,0x00000000ffc80000)
 ParOldGen       total 303104K, used 283871K [0x00000000a0000000, 0x00000000b2800000, 0x00000000e0000000)
  object space 303104K, 93% used [0x00000000a0000000,0x00000000b1537ca8,0x00000000b2800000)
 Metaspace       used 101500K, capacity 107642K, committed 107864K, reserved 1142784K
  class space    used 13365K, capacity 14696K, committed 14720K, reserved 1048576K
}
Event: 86.172 GC heap before
{Heap before GC invocations=34 (full 5):
 PSYoungGen      total 467968K, used 17675K [0x00000000e0000000, 0x00000000ffc80000, 0x0000000100000000)
  eden space 415232K, 0% used [0x00000000e0000000,0x00000000e0000000,0x00000000f9580000)
  from space 52736K, 33% used [0x00000000f9580000,0x00000000fa6c2de0,0x00000000fc900000)
  to   space 49664K, 0% used [0x00000000fcc00000,0x00000000fcc00000,0x00000000ffc80000)
 ParOldGen       total 303104K, used 283871K [0x00000000a0000000, 0x00000000b2800000, 0x00000000e0000000)
  object space 303104K, 93% used [0x00000000a0000000,0x00000000b1537ca8,0x00000000b2800000)
 Metaspace       used 101500K, capacity 107642K, committed 107864K, reserved 1142784K
  class space    used 13365K, capacity 14696K, committed 14720K, reserved 1048576K
Event: 86.506 GC heap after
Heap after GC invocations=34 (full 5):
 PSYoungGen      total 467968K, used 0K [0x00000000e0000000, 0x00000000ffc80000, 0x0000000100000000)
  eden space 415232K, 0% used [0x00000000e0000000,0x00000000e0000000,0x00000000f9580000)
  from space 52736K, 0% used [0x00000000f9580000,0x00000000f9580000,0x00000000fc900000)
  to   space 49664K, 0% used [0x00000000fcc00000,0x00000000fcc00000,0x00000000ffc80000)
 ParOldGen       total 389120K, used 175793K [0x00000000a0000000, 0x00000000b7c00000, 0x00000000e0000000)
  object space 389120K, 45% used [0x00000000a0000000,0x00000000aabac7b8,0x00000000b7c00000)
 Metaspace       used 101447K, capacity 107522K, committed 107864K, reserved 1142784K
  class space    used 13347K, capacity 14666K, committed 14720K, reserved 1048576K
}
Event: 88.368 GC heap before
{Heap before GC invocations=35 (full 5):
 PSYoungGen      total 467968K, used 415232K [0x00000000e0000000, 0x00000000ffc80000, 0x0000000100000000)
  eden space 415232K, 100% used [0x00000000e0000000,0x00000000f9580000,0x00000000f9580000)
  from space 52736K, 0% used [0x00000000f9580000,0x00000000f9580000,0x00000000fc900000)
  to   space 49664K, 0% used [0x00000000fcc00000,0x00000000fcc00000,0x00000000ffc80000)
 ParOldGen       total 389120K, used 175793K [0x00000000a0000000, 0x00000000b7c00000, 0x00000000e0000000)
  object space 389120K, 45% used [0x00000000a0000000,0x00000000aabac7b8,0x00000000b7c00000)
 Metaspace       used 101596K, capacity 107682K, committed 107992K, reserved 1142784K
  class space    used 13371K, capacity 14698K, committed 14848K, reserved 1048576K
Event: 88.376 GC heap after
Heap after GC invocations=35 (full 5):
 PSYoungGen      total 471040K, used 4592K [0x00000000e0000000, 0x00000000ffc00000, 0x0000000100000000)
  eden space 421888K, 0% used [0x00000000e0000000,0x00000000e0000000,0x00000000f9c00000)
  from space 49152K, 9% used [0x00000000fcc00000,0x00000000fd07c028,0x00000000ffc00000)
  to   space 49152K, 0% used [0x00000000f9c00000,0x00000000f9c00000,0x00000000fcc00000)
 ParOldGen       total 389120K, used 175793K [0x00000000a0000000, 0x00000000b7c00000, 0x00000000e0000000)
  object space 389120K, 45% used [0x00000000a0000000,0x00000000aabac7b8,0x00000000b7c00000)
 Metaspace       used 101596K, capacity 107682K, committed 107992K, reserved 1142784K
  class space    used 13371K, capacity 14698K, committed 14848K, reserved 1048576K
}
Event: 91.443 GC heap before
{Heap before GC invocations=36 (full 5):
 PSYoungGen      total 471040K, used 426341K [0x00000000e0000000, 0x00000000ffc00000, 0x0000000100000000)
  eden space 421888K, 99% used [0x00000000e0000000,0x00000000f9bdd668,0x00000000f9c00000)
  from space 49152K, 9% used [0x00000000fcc00000,0x00000000fd07c028,0x00000000ffc00000)
  to   space 49152K, 0% used [0x00000000f9c00000,0x00000000f9c00000,0x00000000fcc00000)
 ParOldGen       total 389120K, used 175793K [0x00000000a0000000, 0x00000000b7c00000, 0x00000000e0000000)
  object space 389120K, 45% used [0x00000000a0000000,0x00000000aabac7b8,0x00000000b7c00000)
 Metaspace       used 102171K, capacity 108362K, committed 108504K, reserved 1142784K
  class space    used 13422K, capacity 14754K, committed 14848K, reserved 1048576K
Event: 91.491 GC heap after
Heap after GC invocations=36 (full 5):
 PSYoungGen      total 471040K, used 49133K [0x00000000e0000000, 0x0000000100000000, 0x0000000100000000)
  eden space 421888K, 0% used [0x00000000e0000000,0x00000000e0000000,0x00000000f9c00000)
  from space 49152K, 99% used [0x00000000f9c00000,0x00000000fcbfb708,0x00000000fcc00000)
  to   space 53248K, 0% used [0x00000000fcc00000,0x00000000fcc00000,0x0000000100000000)
 ParOldGen       total 389120K, used 184192K [0x00000000a0000000, 0x00000000b7c00000, 0x00000000e0000000)
  object space 389120K, 47% used [0x00000000a0000000,0x00000000ab3e0390,0x00000000b7c00000)
 Metaspace       used 102171K, capacity 108362K, committed 108504K, reserved 1142784K
  class space    used 13422K, capacity 14754K, committed 14848K, reserved 1048576K
}
Event: 95.031 GC heap before
{Heap before GC invocations=37 (full 5):
 PSYoungGen      total 471040K, used 471021K [0x00000000e0000000, 0x0000000100000000, 0x0000000100000000)
  eden space 421888K, 100% used [0x00000000e0000000,0x00000000f9c00000,0x00000000f9c00000)
  from space 49152K, 99% used [0x00000000f9c00000,0x00000000fcbfb708,0x00000000fcc00000)
  to   space 53248K, 0% used [0x00000000fcc00000,0x00000000fcc00000,0x0000000100000000)
 ParOldGen       total 389120K, used 184192K [0x00000000a0000000, 0x00000000b7c00000, 0x00000000e0000000)
  object space 389120K, 47% used [0x00000000a0000000,0x00000000ab3e0390,0x00000000b7c00000)
 Metaspace       used 103974K, capacity 110382K, committed 110552K, reserved 1144832K
  class space    used 13668K, capacity 15058K, committed 15104K, reserved 1048576K
Event: 95.051 GC heap after
Heap after GC invocations=37 (full 5):
 PSYoungGen      total 457728K, used 3372K [0x00000000e0000000, 0x0000000100000000, 0x0000000100000000)
  eden space 404480K, 0% used [0x00000000e0000000,0x00000000e0000000,0x00000000f8b00000)
  from space 53248K, 6% used [0x00000000fcc00000,0x00000000fcf4b230,0x0000000100000000)
  to   space 59904K, 0% used [0x00000000f8b00000,0x00000000f8b00000,0x00000000fc580000)
 ParOldGen       total 389120K, used 201861K [0x00000000a0000000, 0x00000000b7c00000, 0x00000000e0000000)
  object space 389120K, 51% used [0x00000000a0000000,0x00000000ac521460,0x00000000b7c00000)
 Metaspace       used 103974K, capacity 110382K, committed 110552K, reserved 1144832K
  class space    used 13668K, capacity 15058K, committed 15104K, reserved 1048576K
}

